<?xml version="1.0" encoding="utf-8"?><testsuites name="pytest tests"><testsuite name="pytest" errors="0" failures="0" skipped="0" tests="33" time="12.626" timestamp="2026-08-30T07:52:15.819175+00:00" hostname="agent-env-90f046dd-f5b2-4353-b6fa-96b0e96c481f"><testcase classname="tests.backend_test.TestAuth" name="test_admin_login" time="0.331" /><testcase classname="tests.backend_test.TestAuth" name="test_team_login" time="0.193" /><testcase classname="tests.backend_test.TestProjects" name="test_admin_list" time="0.538" /><testcase classname="tests.backend_test.TestAuth" name="test_client_login" time="0.169" /><testcase classname="tests.backend_test.TestAuth" name="test_login_invalid" time="0.128" /><testcase classname="tests.backend_test.TestProjects" name="test_team_list_scoped" time="0.351" /><testcase classname="tests.backend_test.TestAuth" name="test_me" time="0.293" /><testcase classname="tests.backend_test.TestProjects" name="test_client_list_scoped" time="0.312" /><testcase classname="tests.backend_test.TestAuth" name="test_register_new_client" time="0.400" /><testcase classname="tests.backend_test.TestProjects" name="test_create_project_admin" time="0.318" /><testcase classname="tests.backend_test.TestRoles" name="test_client_cannot_create_client" time="0.098" /><testcase classname="tests.backend_test.TestRoles" name="test_client_cannot_create_team" time="0.097" /><testcase classname="tests.backend_test.TestAI" name="test_summarize" time="3.927" /><testcase classname="tests.backend_test.TestRoles" name="test_unauth_project_list" time="0.101" /><testcase classname="tests.backend_test.TestInvoices" name="test_create_invoice_and_totals" time="0.307" /><testcase classname="tests.backend_test.TestInvoices" name="test_status_flow_draft_sent_paid" time="0.231" /><testcase classname="tests.backend_test.TestInvoices" name="test_client_sees_own_invoices" time="0.103" /><testcase classname="tests.backend_test" name="test_health" time="0.094" /><testcase classname="tests.backend_test" name="test_zz_cleanup" time="0.202" /><testcase classname="tests.backend_test.TestDashboard" name="test_admin_stats" time="0.128" /><testcase classname="tests.backend_test.TestDashboard" name="test_client_stats_scoped" time="0.099" /><testcase classname="tests.backend_test.TestTasks" name="test_create_and_move_task" time="0.347" /><testcase classname="tests.backend_test.TestTasks" name="test_client_cannot_create_task" time="0.102" /><testcase classname="tests.backend_test.TestClients" name="test_create_client" time="0.125" /><testcase classname="tests.backend_test.TestClients" name="test_list_clients_has_projectCount" time="0.108" /><testcase classname="tests.backend_test.TestTeam" name="test_create_member" time="0.177" /><testcase classname="tests.backend_test.TestTeam" name="test_delete_member" time="0.101" /><testcase classname="tests.backend_test.TestFiles" name="test_upload_and_list" time="0.405" /><testcase classname="tests.backend_test.TestFiles" name="test_download" time="0.197" /><testcase classname="tests.backend_test.TestMessages" name="test_send_and_get" time="0.310" /><testcase classname="tests.backend_test.TestAI" name="test_generate_tasks" time="3.142" /><testcase classname="tests.backend_test.TestAI" name="test_draft_email" time="3.076" /><testcase classname="tests.backend_test.TestAI" name="test_ai_role_enforcement" time="0.441" /></testsuite></testsuites>